{"level":"DEBUG","time":"2021-02-12T13:03:49.345+0800","caller":"bluebell/main.go:38","msg":"logger init success...."}
{"level":"DEBUG","time":"2021-02-12T13:03:49.532+0800","caller":"bluebell/main.go:46","msg":"mysql init success...."}
{"level":"DEBUG","time":"2021-02-12T13:03:49.609+0800","caller":"bluebell/main.go:54","msg":"redis init success...."}
{"level":"INFO","time":"2021-02-12T13:03:54.010+0800","caller":"controllers/user.go:85","msg":"登录成功","username":"Cindy"}
{"level":"INFO","time":"2021-02-12T13:03:54.010+0800","caller":"logger/logger.go:83","msg":"/login","status":200,"method":"POST","path":"/login","query":"","ip":"127.0.0.1","user-agent":"PostmanRuntime/7.26.10","errors":"","cost":0.255199189}
{"level":"INFO","time":"2021-02-12T13:04:13.146+0800","caller":"controllers/user.go:91","msg":"登录失败","username":"Cindy"}
{"level":"INFO","time":"2021-02-12T13:04:13.146+0800","caller":"logger/logger.go:83","msg":"/login","status":200,"method":"POST","path":"/login","query":"","ip":"127.0.0.1","user-agent":"PostmanRuntime/7.26.10","errors":"","cost":0.291239829}
{"level":"DEBUG","time":"2021-02-12T13:57:44.600+0800","caller":"bluebell/main.go:38","msg":"logger init success...."}
{"level":"DEBUG","time":"2021-02-12T13:57:44.914+0800","caller":"bluebell/main.go:46","msg":"mysql init success...."}
{"level":"DEBUG","time":"2021-02-12T13:57:44.994+0800","caller":"bluebell/main.go:54","msg":"redis init success...."}
{"level":"DEBUG","time":"2021-02-12T14:23:26.548+0800","caller":"bluebell/main.go:38","msg":"logger init success...."}
{"level":"DEBUG","time":"2021-02-12T14:23:26.792+0800","caller":"bluebell/main.go:46","msg":"mysql init success...."}
{"level":"DEBUG","time":"2021-02-12T14:23:26.862+0800","caller":"bluebell/main.go:54","msg":"redis init success...."}
{"level":"DEBUG","time":"2021-02-12T14:27:51.104+0800","caller":"bluebell/main.go:38","msg":"logger init success...."}
{"level":"DEBUG","time":"2021-02-12T14:27:51.361+0800","caller":"bluebell/main.go:46","msg":"mysql init success...."}
{"level":"DEBUG","time":"2021-02-12T14:27:51.434+0800","caller":"bluebell/main.go:54","msg":"redis init success...."}
{"level":"DEBUG","time":"2021-02-12T14:28:35.436+0800","caller":"bluebell/main.go:38","msg":"logger init success...."}
{"level":"DEBUG","time":"2021-02-12T14:28:35.678+0800","caller":"bluebell/main.go:46","msg":"mysql init success...."}
{"level":"DEBUG","time":"2021-02-12T14:28:35.756+0800","caller":"bluebell/main.go:54","msg":"redis init success...."}
{"level":"DEBUG","time":"2021-02-12T14:29:50.221+0800","caller":"bluebell/main.go:38","msg":"logger init success...."}
{"level":"DEBUG","time":"2021-02-12T14:29:50.524+0800","caller":"bluebell/main.go:46","msg":"mysql init success...."}
{"level":"DEBUG","time":"2021-02-12T14:29:50.594+0800","caller":"bluebell/main.go:54","msg":"redis init success...."}
{"level":"DEBUG","time":"2021-02-12T14:31:29.518+0800","caller":"bluebell/main.go:38","msg":"logger init success...."}
{"level":"DEBUG","time":"2021-02-12T14:31:29.877+0800","caller":"bluebell/main.go:46","msg":"mysql init success...."}
{"level":"DEBUG","time":"2021-02-12T14:31:29.983+0800","caller":"bluebell/main.go:54","msg":"redis init success...."}
{"level":"DEBUG","time":"2021-02-12T14:31:47.524+0800","caller":"bluebell/main.go:38","msg":"logger init success...."}
{"level":"DEBUG","time":"2021-02-12T14:31:47.792+0800","caller":"bluebell/main.go:46","msg":"mysql init success...."}
{"level":"DEBUG","time":"2021-02-12T14:31:47.906+0800","caller":"bluebell/main.go:54","msg":"redis init success...."}
{"level":"DEBUG","time":"2021-02-12T14:36:48.662+0800","caller":"bluebell/main.go:38","msg":"logger init success...."}
{"level":"DEBUG","time":"2021-02-12T14:36:48.879+0800","caller":"bluebell/main.go:46","msg":"mysql init success...."}
{"level":"DEBUG","time":"2021-02-12T14:36:48.950+0800","caller":"bluebell/main.go:54","msg":"redis init success...."}
{"level":"DEBUG","time":"2021-02-12T14:37:36.983+0800","caller":"bluebell/main.go:38","msg":"logger init success...."}
{"level":"DEBUG","time":"2021-02-12T14:37:37.219+0800","caller":"bluebell/main.go:46","msg":"mysql init success...."}
{"level":"DEBUG","time":"2021-02-12T14:37:37.308+0800","caller":"bluebell/main.go:54","msg":"redis init success...."}
{"level":"DEBUG","time":"2021-02-12T14:37:54.284+0800","caller":"bluebell/main.go:38","msg":"logger init success...."}
{"level":"DEBUG","time":"2021-02-12T14:37:54.512+0800","caller":"bluebell/main.go:46","msg":"mysql init success...."}
{"level":"DEBUG","time":"2021-02-12T14:37:54.640+0800","caller":"bluebell/main.go:54","msg":"redis init success...."}
{"level":"DEBUG","time":"2021-02-12T14:44:12.792+0800","caller":"bluebell/main.go:38","msg":"logger init success...."}
{"level":"DEBUG","time":"2021-02-12T14:44:13.030+0800","caller":"bluebell/main.go:46","msg":"mysql init success...."}
{"level":"DEBUG","time":"2021-02-12T14:44:13.110+0800","caller":"bluebell/main.go:54","msg":"redis init success...."}
{"level":"DEBUG","time":"2021-02-12T14:44:45.765+0800","caller":"bluebell/main.go:38","msg":"logger init success...."}
{"level":"DEBUG","time":"2021-02-12T14:44:46.061+0800","caller":"bluebell/main.go:46","msg":"mysql init success...."}
{"level":"DEBUG","time":"2021-02-12T14:44:46.133+0800","caller":"bluebell/main.go:54","msg":"redis init success...."}
{"level":"DEBUG","time":"2021-02-12T14:44:52.867+0800","caller":"bluebell/main.go:38","msg":"logger init success...."}
{"level":"DEBUG","time":"2021-02-12T14:44:53.192+0800","caller":"bluebell/main.go:46","msg":"mysql init success...."}
{"level":"DEBUG","time":"2021-02-12T14:44:53.264+0800","caller":"bluebell/main.go:54","msg":"redis init success...."}
{"level":"DEBUG","time":"2021-02-12T14:45:09.799+0800","caller":"bluebell/main.go:38","msg":"logger init success...."}
{"level":"DEBUG","time":"2021-02-12T14:45:09.987+0800","caller":"bluebell/main.go:46","msg":"mysql init success...."}
{"level":"DEBUG","time":"2021-02-12T14:45:10.087+0800","caller":"bluebell/main.go:54","msg":"redis init success...."}
{"level":"DEBUG","time":"2021-02-12T14:46:48.465+0800","caller":"bluebell/main.go:38","msg":"logger init success...."}
{"level":"DEBUG","time":"2021-02-12T14:46:48.879+0800","caller":"bluebell/main.go:46","msg":"mysql init success...."}
{"level":"DEBUG","time":"2021-02-12T14:46:48.988+0800","caller":"bluebell/main.go:54","msg":"redis init success...."}
{"level":"DEBUG","time":"2021-02-12T14:47:06.356+0800","caller":"bluebell/main.go:38","msg":"logger init success...."}
{"level":"DEBUG","time":"2021-02-12T14:47:06.677+0800","caller":"bluebell/main.go:46","msg":"mysql init success...."}
{"level":"DEBUG","time":"2021-02-12T14:47:06.755+0800","caller":"bluebell/main.go:54","msg":"redis init success...."}
{"level":"DEBUG","time":"2021-02-12T14:47:48.407+0800","caller":"bluebell/main.go:38","msg":"logger init success...."}
{"level":"DEBUG","time":"2021-02-12T14:47:48.683+0800","caller":"bluebell/main.go:46","msg":"mysql init success...."}
{"level":"DEBUG","time":"2021-02-12T14:47:48.750+0800","caller":"bluebell/main.go:54","msg":"redis init success...."}
{"level":"DEBUG","time":"2021-02-12T14:51:12.347+0800","caller":"bluebell/main.go:38","msg":"logger init success...."}
{"level":"DEBUG","time":"2021-02-12T14:51:12.548+0800","caller":"bluebell/main.go:46","msg":"mysql init success...."}
{"level":"DEBUG","time":"2021-02-12T14:51:12.612+0800","caller":"bluebell/main.go:54","msg":"redis init success...."}
{"level":"DEBUG","time":"2021-02-12T14:51:36.939+0800","caller":"bluebell/main.go:38","msg":"logger init success...."}
{"level":"DEBUG","time":"2021-02-12T14:51:37.189+0800","caller":"bluebell/main.go:46","msg":"mysql init success...."}
{"level":"DEBUG","time":"2021-02-12T14:51:37.302+0800","caller":"bluebell/main.go:54","msg":"redis init success...."}
{"level":"DEBUG","time":"2021-02-12T14:55:51.657+0800","caller":"bluebell/main.go:38","msg":"logger init success...."}
{"level":"DEBUG","time":"2021-02-12T14:55:51.930+0800","caller":"bluebell/main.go:46","msg":"mysql init success...."}
{"level":"DEBUG","time":"2021-02-12T14:55:52.012+0800","caller":"bluebell/main.go:54","msg":"redis init success...."}
{"level":"INFO","time":"2021-02-12T14:56:09.695+0800","caller":"logger/logger.go:83","msg":"/","status":200,"method":"GET","path":"/","query":"","ip":"127.0.0.1","user-agent":"PostmanRuntime/7.26.10","errors":"","cost":0.000088411}
{"level":"DEBUG","time":"2021-02-12T15:07:30.832+0800","caller":"bluebell/main.go:38","msg":"logger init success...."}
{"level":"DEBUG","time":"2021-02-12T15:07:31.035+0800","caller":"bluebell/main.go:46","msg":"mysql init success...."}
{"level":"DEBUG","time":"2021-02-12T15:07:31.097+0800","caller":"bluebell/main.go:54","msg":"redis init success...."}
{"level":"INFO","time":"2021-02-12T15:10:01.486+0800","caller":"controllers/user.go:42","msg":"注册成功！","userName":"杀马特"}
{"level":"INFO","time":"2021-02-12T15:10:01.487+0800","caller":"logger/logger.go:83","msg":"/signUp","status":200,"method":"POST","path":"/signUp","query":"","ip":"127.0.0.1","user-agent":"PostmanRuntime/7.26.10","errors":"","cost":0.643908134}
{"level":"DEBUG","time":"2021-02-12T15:12:35.417+0800","caller":"bluebell/main.go:38","msg":"logger init success...."}
{"level":"DEBUG","time":"2021-02-12T15:12:35.772+0800","caller":"bluebell/main.go:46","msg":"mysql init success...."}
{"level":"DEBUG","time":"2021-02-12T15:12:35.856+0800","caller":"bluebell/main.go:54","msg":"redis init success...."}
{"level":"INFO","time":"2021-02-12T15:12:42.865+0800","caller":"logger/logger.go:83","msg":"/signUp","status":200,"method":"POST","path":"/signUp","query":"","ip":"127.0.0.1","user-agent":"PostmanRuntime/7.26.10","errors":"","cost":0.000248277}
{"level":"DEBUG","time":"2021-02-12T15:15:01.196+0800","caller":"bluebell/main.go:38","msg":"logger init success...."}
{"level":"DEBUG","time":"2021-02-12T15:15:01.437+0800","caller":"bluebell/main.go:46","msg":"mysql init success...."}
{"level":"DEBUG","time":"2021-02-12T15:15:01.523+0800","caller":"bluebell/main.go:54","msg":"redis init success...."}
{"level":"INFO","time":"2021-02-12T15:15:12.216+0800","caller":"controllers/user.go:67","msg":"登录失败","username":"Cindy"}
{"level":"INFO","time":"2021-02-12T15:15:12.216+0800","caller":"logger/logger.go:83","msg":"/login","status":200,"method":"POST","path":"/login","query":"","ip":"127.0.0.1","user-agent":"PostmanRuntime/7.26.10","errors":"","cost":0.443306707}
{"level":"INFO","time":"2021-02-12T15:15:16.930+0800","caller":"controllers/user.go:64","msg":"登录成功","username":"Cindy"}
{"level":"INFO","time":"2021-02-12T15:15:16.930+0800","caller":"logger/logger.go:83","msg":"/login","status":200,"method":"POST","path":"/login","query":"","ip":"127.0.0.1","user-agent":"PostmanRuntime/7.26.10","errors":"","cost":0.316370115}
{"level":"INFO","time":"2021-02-12T18:18:19.352+0800","caller":"controllers/user.go:64","msg":"登录成功","username":"Cindy"}
{"level":"INFO","time":"2021-02-12T18:18:19.352+0800","caller":"logger/logger.go:83","msg":"/login","status":200,"method":"POST","path":"/login","query":"","ip":"127.0.0.1","user-agent":"PostmanRuntime/7.26.10","errors":"","cost":0.305104691}
